  [4;36;1mSQL (0.7ms)[0m   [0;1m SELECT name
 FROM sqlite_master
 WHERE type = 'table' AND NOT name = 'sqlite_sequence'
[0m
  [4;35;1mSQL (0.2ms)[0m   [0mselect sqlite_version(*)[0m
  [4;36;1mSQL (3.7ms)[0m   [0;1mCREATE TABLE "schema_migrations" ("version" varchar(255) NOT NULL) [0m
  [4;35;1mSQL (11.9ms)[0m   [0mCREATE UNIQUE INDEX "unique_schema_migrations" ON "schema_migrations" ("version")[0m
  [4;36;1mSQL (0.4ms)[0m   [0;1m SELECT name
 FROM sqlite_master
 WHERE type = 'table' AND NOT name = 'sqlite_sequence'
[0m
  [4;35;1mSQL (0.5ms)[0m   [0mSELECT version FROM schema_migrations[0m
Migrating to CreateRules (20100126150843)
  [4;36;1mSQL (3.7ms)[0m   [0;1mCREATE TABLE "rules" ("id" INTEGER PRIMARY KEY AUTOINCREMENT NOT NULL, "name" varchar(255), "url" varchar(255), "item_rule" varchar(255), "product_name_rule" varchar(255), "price_rule" varchar(255), "created_at" datetime, "updated_at" datetime) [0m
  [4;35;1mSQL (2.7ms)[0m   [0mINSERT INTO schema_migrations (version) VALUES ('20100126150843')[0m
  [4;36;1mSQL (0.9ms)[0m   [0;1m SELECT name
 FROM sqlite_master
 WHERE type = 'table' AND NOT name = 'sqlite_sequence'
[0m
  [4;35;1mSQL (1.5ms)[0m   [0mSELECT version FROM schema_migrations[0m
  [4;36;1mSQL (0.7ms)[0m   [0;1m SELECT name
 FROM sqlite_master
 WHERE type = 'table' AND NOT name = 'sqlite_sequence'
[0m
  [4;35;1mSQL (0.1ms)[0m   [0mPRAGMA index_list("rules")[0m
  [4;36;1mSQL (1.2ms)[0m   [0;1m SELECT name
 FROM sqlite_master
 WHERE type = 'table' AND NOT name = 'sqlite_sequence'
[0m
  [4;35;1mSQL (0.9ms)[0m   [0mSELECT version FROM schema_migrations[0m
Migrating to CreateRules (20100126150843)
Migrating to CreateStatistics (20100126151509)
  [4;36;1mSQL (0.2ms)[0m   [0;1mselect sqlite_version(*)[0m
  [4;36;1mSQL (1.8ms)[0m   [0;1m SELECT name
 FROM sqlite_master
 WHERE type = 'table' AND NOT name = 'sqlite_sequence'
[0m
  [4;35;1mSQL (0.5ms)[0m   [0mSELECT version FROM schema_migrations[0m
Migrating to CreateRules (20100126150843)
Migrating to CreateStatistics (20100126151509)
  [4;36;1mSQL (0.2ms)[0m   [0;1mselect sqlite_version(*)[0m
  [4;35;1mSQL (4.4ms)[0m   [0mCREATE TABLE "statistics" ("id" INTEGER PRIMARY KEY AUTOINCREMENT NOT NULL, "rule_id" integer, "time_added" time, "keyword" varchar(255), "download_time" float, "extract_time" float, "memory_consumption" float, "file_size_before_extraction" float, "file_size_after_extraction" float, "number_of_product_should_be_extracted" integer, "number_of_product_extracted" integer, "number_of_true_product_extracted" integer, "created_at" datetime, "updated_at" datetime) [0m
  [4;36;1mSQL (23.1ms)[0m   [0;1mINSERT INTO schema_migrations (version) VALUES ('20100126151509')[0m
  [4;35;1mSQL (0.6ms)[0m   [0m SELECT name
 FROM sqlite_master
 WHERE type = 'table' AND NOT name = 'sqlite_sequence'
[0m
  [4;36;1mSQL (0.4ms)[0m   [0;1mSELECT version FROM schema_migrations[0m
  [4;35;1mSQL (0.4ms)[0m   [0m SELECT name
 FROM sqlite_master
 WHERE type = 'table' AND NOT name = 'sqlite_sequence'
[0m
  [4;36;1mSQL (0.1ms)[0m   [0;1mPRAGMA index_list("rules")[0m
  [4;35;1mSQL (0.1ms)[0m   [0mPRAGMA index_list("statistics")[0m
  [4;36;1mSQL (1.1ms)[0m   [0;1m SELECT name
 FROM sqlite_master
 WHERE type = 'table' AND NOT name = 'sqlite_sequence'
[0m
  [4;35;1mSQL (0.4ms)[0m   [0mSELECT version FROM schema_migrations[0m
Migrating to CreateRules (20100126150843)
Migrating to CreateStatistics (20100126151509)
Migrating to CreateProducts (20100126151839)
  [4;36;1mSQL (0.4ms)[0m   [0;1mselect sqlite_version(*)[0m
  [4;35;1mSQL (4.9ms)[0m   [0mCREATE TABLE "products" ("id" INTEGER PRIMARY KEY AUTOINCREMENT NOT NULL, "statistic_id" integer, "name" varchar(255), "price" float, "created_at" datetime, "updated_at" datetime) [0m
  [4;36;1mSQL (19.1ms)[0m   [0;1mINSERT INTO schema_migrations (version) VALUES ('20100126151839')[0m
  [4;35;1mSQL (0.7ms)[0m   [0m SELECT name
 FROM sqlite_master
 WHERE type = 'table' AND NOT name = 'sqlite_sequence'
[0m
  [4;36;1mSQL (19.7ms)[0m   [0;1mSELECT version FROM schema_migrations[0m
  [4;35;1mSQL (0.6ms)[0m   [0m SELECT name
 FROM sqlite_master
 WHERE type = 'table' AND NOT name = 'sqlite_sequence'
[0m
  [4;36;1mSQL (0.1ms)[0m   [0;1mPRAGMA index_list("products")[0m
  [4;35;1mSQL (0.1ms)[0m   [0mPRAGMA index_list("rules")[0m
  [4;36;1mSQL (0.1ms)[0m   [0;1mPRAGMA index_list("statistics")[0m


Processing ProductsController#index (for 127.0.0.1 at 2010-01-26 22:24:47) [GET]
  [4;36;1mProduct Load (1.1ms)[0m   [0;1mSELECT * FROM "products" [0m
Rendering template within layouts/products
Rendering products/index
Completed in 31ms (View: 16, DB: 1) | 200 OK [http://localhost/products]


Processing ProductsController#new (for 127.0.0.1 at 2010-01-26 22:24:50) [GET]
Rendering template within layouts/products
Rendering products/new
Completed in 53ms (View: 14, DB: 0) | 200 OK [http://localhost/products/new]


Processing ProductsController#index (for 127.0.0.1 at 2010-01-26 22:25:14) [GET]
  [4;35;1mProduct Load (2.4ms)[0m   [0mSELECT * FROM "products" [0m
Rendering template within layouts/products
Rendering products/index
Completed in 39ms (View: 14, DB: 2) | 200 OK [http://localhost/products]


Processing HomeController#index (for 127.0.0.1 at 2010-01-26 22:35:29) [GET]
Rendering template within layouts/home
Rendering home/index
Completed in 47ms (View: 37, DB: 0) | 200 OK [http://localhost/home]


Processing HomeController#index (for 127.0.0.1 at 2010-01-26 22:36:45) [GET]
Rendering template within layouts/home
Rendering home/index
Completed in 18ms (View: 10, DB: 0) | 200 OK [http://localhost/]


Processing ApplicationController#index (for 127.0.0.1 at 2010-01-26 23:13:59) [GET]


ActionController::RoutingError (No route matches "/statistic" with {:method=>:get}):
    /usr/lib/ruby/gems/1.8/gems/actionpack-2.2.2/lib/action_controller/routing/recognition_optimisation.rb:66:in `recognize_path'
    /usr/lib/ruby/gems/1.8/gems/actionpack-2.2.2/lib/action_controller/routing/route_set.rb:386:in `recognize'
    /usr/lib/ruby/gems/1.8/gems/actionpack-2.2.2/lib/action_controller/dispatcher.rb:182:in `handle_request'
    /usr/lib/ruby/gems/1.8/gems/actionpack-2.2.2/lib/action_controller/dispatcher.rb:110:in `dispatch_unlocked'
    /usr/lib/ruby/gems/1.8/gems/actionpack-2.2.2/lib/action_controller/dispatcher.rb:123:in `dispatch'
    /usr/lib/ruby/gems/1.8/gems/actionpack-2.2.2/lib/action_controller/dispatcher.rb:122:in `synchronize'
    /usr/lib/ruby/gems/1.8/gems/actionpack-2.2.2/lib/action_controller/dispatcher.rb:122:in `dispatch'
    /usr/lib/ruby/gems/1.8/gems/actionpack-2.2.2/lib/action_controller/dispatcher.rb:132:in `dispatch_cgi'
    /usr/lib/ruby/gems/1.8/gems/actionpack-2.2.2/lib/action_controller/dispatcher.rb:39:in `dispatch'
    /usr/lib/ruby/gems/1.8/gems/rails-2.2.2/lib/webrick_server.rb:103:in `handle_dispatch'
    /usr/lib/ruby/gems/1.8/gems/rails-2.2.2/lib/webrick_server.rb:74:in `service'
    /usr/lib/ruby/1.8/webrick/httpserver.rb:104:in `service'
    /usr/lib/ruby/1.8/webrick/httpserver.rb:65:in `run'
    /usr/lib/ruby/1.8/webrick/server.rb:173:in `start_thread'
    /usr/lib/ruby/1.8/webrick/server.rb:162:in `start'
    /usr/lib/ruby/1.8/webrick/server.rb:162:in `start_thread'
    /usr/lib/ruby/1.8/webrick/server.rb:95:in `start'
    /usr/lib/ruby/1.8/webrick/server.rb:92:in `each'
    /usr/lib/ruby/1.8/webrick/server.rb:92:in `start'
    /usr/lib/ruby/1.8/webrick/server.rb:23:in `start'
    /usr/lib/ruby/1.8/webrick/server.rb:82:in `start'
    /usr/lib/ruby/gems/1.8/gems/rails-2.2.2/lib/webrick_server.rb:60:in `dispatch'
    /usr/lib/ruby/gems/1.8/gems/rails-2.2.2/lib/commands/servers/webrick.rb:66
    /usr/local/lib/site_ruby/1.8/rubygems/custom_require.rb:31:in `gem_original_require'
    /usr/local/lib/site_ruby/1.8/rubygems/custom_require.rb:31:in `require'
    /usr/lib/ruby/gems/1.8/gems/activesupport-2.2.2/lib/active_support/dependencies.rb:153:in `require'
    /usr/lib/ruby/gems/1.8/gems/activesupport-2.2.2/lib/active_support/dependencies.rb:521:in `new_constants_in'
    /usr/lib/ruby/gems/1.8/gems/activesupport-2.2.2/lib/active_support/dependencies.rb:153:in `require'
    /usr/lib/ruby/gems/1.8/gems/rails-2.2.2/lib/commands/server.rb:49
    /usr/local/lib/site_ruby/1.8/rubygems/custom_require.rb:31:in `gem_original_require'
    /usr/local/lib/site_ruby/1.8/rubygems/custom_require.rb:31:in `require'
    script/server:3

Rendering /usr/lib/ruby/gems/1.8/gems/actionpack-2.2.2/lib/action_controller/templates/rescues/layout.erb (not_found)


Processing RulesController#index (for 127.0.0.1 at 2010-01-26 23:27:34) [GET]
  [4;36;1mRule Load (2.1ms)[0m   [0;1mSELECT * FROM "rules" [0m
Rendering template within layouts/rules
Rendering rules/index
Completed in 103ms (View: 42, DB: 2) | 200 OK [http://localhost/rules]


Processing RulesController#new (for 127.0.0.1 at 2010-01-26 23:27:37) [GET]
Rendering template within layouts/rules
Rendering rules/new
Completed in 166ms (View: 85, DB: 0) | 200 OK [http://localhost/rules/new]


Processing RulesController#create (for 127.0.0.1 at 2010-01-26 23:30:46) [POST]
  Parameters: {"commit"=>"Create", "authenticity_token"=>"0037f00a88fe4a619c73e7cb2322aa1720ce4d6c", "rule"=>{"name"=>"walmart", "product_name_rule"=>".prodLink", "url"=>"http://www.walmart.com/search/search-ng.do?search_constraint=0&ic=48_0&search_query=\#{@search_term}&Find.x=0&Find.y=0&Find=Find", "price_rule"=>".PriceXLBold", "item_rule"=>".item"}}
  [4;35;1mRule Create (5.7ms)[0m   [0mINSERT INTO "rules" ("name", "created_at", "updated_at", "url", "product_name_rule", "price_rule", "item_rule") VALUES('walmart', '2010-01-26 16:30:46', '2010-01-26 16:30:46', 'http://www.walmart.com/search/search-ng.do?search_constraint=0&ic=48_0&search_query=#{@search_term}&Find.x=0&Find.y=0&Find=Find', '.prodLink', '.PriceXLBold', '.item')[0m
Redirected to #<Rule:0xb70108d0>
Completed in 124ms (DB: 6) | 302 Found [http://localhost/rules]


Processing RulesController#show (for 127.0.0.1 at 2010-01-26 23:30:46) [GET]
  Parameters: {"id"=>"1"}
  [4;36;1mRule Load (1.7ms)[0m   [0;1mSELECT * FROM "rules" WHERE ("rules"."id" = 1) [0m
Rendering template within layouts/rules
Rendering rules/show
Completed in 102ms (View: 49, DB: 2) | 200 OK [http://localhost/rules/1]


Processing RulesController#index (for 127.0.0.1 at 2010-01-26 23:30:55) [GET]
  [4;35;1mRule Load (18.6ms)[0m   [0mSELECT * FROM "rules" [0m
Rendering template within layouts/rules
Rendering rules/index
Completed in 96ms (View: 50, DB: 19) | 200 OK [http://localhost/rules]
  [4;36;1mRule Load (0.6ms)[0m   [0;1mSELECT * FROM "rules" WHERE ("rules"."name" = 'walmart') LIMIT 1[0m
  [4;35;1mRule Load (2.3ms)[0m   [0mSELECT * FROM "rules" WHERE ("rules"."name" = 'walmart') LIMIT 1[0m
  [4;36;1mRule Load (0.6ms)[0m   [0;1mSELECT * FROM "rules" WHERE ("rules"."name" = 'walmart') LIMIT 1[0m
  [4;36;1mRule Load (0.5ms)[0m   [0;1mSELECT * FROM "rules" WHERE ("rules"."name" = 'walmart') LIMIT 1[0m
  [4;36;1mRule Load (0.6ms)[0m   [0;1mSELECT * FROM "rules" WHERE ("rules"."name" = 'walmart') LIMIT 1[0m
  [4;36;1mRule Load (0.5ms)[0m   [0;1mSELECT * FROM "rules" WHERE ("rules"."name" = 'walmart') LIMIT 1[0m
  [4;36;1mRule Load (0.8ms)[0m   [0;1mSELECT * FROM "rules" WHERE ("rules"."name" = 'walmart') LIMIT 1[0m
  [4;35;1mRule Load (2.3ms)[0m   [0mSELECT * FROM "rules" WHERE ("rules"."name" = 'walmart') LIMIT 1[0m
  [4;36;1mRule Load (0.6ms)[0m   [0;1mSELECT * FROM "rules" WHERE ("rules"."name" = 'walmart') LIMIT 1[0m
  [4;36;1mRule Load (1.6ms)[0m   [0;1mSELECT * FROM "rules" WHERE ("rules"."name" = 'walmart') LIMIT 1[0m
  [4;36;1mRule Load (0.6ms)[0m   [0;1mSELECT * FROM "rules" WHERE ("rules"."name" = 'walmart') LIMIT 1[0m


Processing RulesController#edit (for 127.0.0.1 at 2010-01-27 00:32:02) [GET]
  Parameters: {"id"=>"1"}
  [4;36;1mRule Load (0.5ms)[0m   [0;1mSELECT * FROM "rules" WHERE ("rules"."id" = 1) [0m
Rendering template within layouts/rules
Rendering rules/edit
Completed in 26ms (View: 13, DB: 1) | 200 OK [http://localhost/rules/1/edit]


Processing RulesController#index (for 127.0.0.1 at 2010-01-27 00:32:19) [GET]
  [4;35;1mRule Load (1.1ms)[0m   [0mSELECT * FROM "rules" [0m
Rendering template within layouts/rules
Rendering rules/index
Completed in 31ms (View: 18, DB: 1) | 200 OK [http://localhost/rules]
  [4;36;1mRule Load (0.8ms)[0m   [0;1mSELECT * FROM "rules" WHERE ("rules"."name" = 'walmart') LIMIT 1[0m


Processing RulesController#edit (for 127.0.0.1 at 2010-01-27 00:42:30) [GET]
  Parameters: {"id"=>"1"}
  [4;36;1mRule Load (0.5ms)[0m   [0;1mSELECT * FROM "rules" WHERE ("rules"."id" = 1) [0m
Rendering template within layouts/rules
Rendering rules/edit
Completed in 33ms (View: 19, DB: 1) | 200 OK [http://localhost/rules/1/edit]


Processing RulesController#update (for 127.0.0.1 at 2010-01-27 00:42:55) [PUT]
  Parameters: {"commit"=>"Update", "authenticity_token"=>"0037f00a88fe4a619c73e7cb2322aa1720ce4d6c", "id"=>"1", "rule"=>{"name"=>"walmart", "product_name_rule"=>".prodLink", "url"=>"http://www.walmart.com/search/search-ng.do?search_constraint=0&ic=48_0&search_query=ini_kata_yang_diganti&Find.x=0&Find.y=0&Find=Find", "price_rule"=>".PriceXLBold", "item_rule"=>".item"}}
  [4;35;1mRule Load (0.6ms)[0m   [0mSELECT * FROM "rules" WHERE ("rules"."id" = 1) [0m
  [4;36;1mRule Update (1.8ms)[0m   [0;1mUPDATE "rules" SET "updated_at" = '2010-01-26 17:42:55', "url" = 'http://www.walmart.com/search/search-ng.do?search_constraint=0&ic=48_0&search_query=ini_kata_yang_diganti&Find.x=0&Find.y=0&Find=Find' WHERE "id" = 1[0m
Redirected to #<Rule:0xb6fcf934>
Completed in 28ms (DB: 2) | 302 Found [http://localhost/rules/1]


Processing RulesController#show (for 127.0.0.1 at 2010-01-27 00:42:55) [GET]
  Parameters: {"id"=>"1"}
  [4;35;1mRule Load (0.6ms)[0m   [0mSELECT * FROM "rules" WHERE ("rules"."id" = 1) [0m
Rendering template within layouts/rules
Rendering rules/show
Completed in 26ms (View: 8, DB: 1) | 200 OK [http://localhost/rules/1]
  [4;36;1mRule Load (0.6ms)[0m   [0;1mSELECT * FROM "rules" WHERE ("rules"."name" = 'walmart') LIMIT 1[0m
  [4;36;1mRule Load (0.6ms)[0m   [0;1mSELECT * FROM "rules" WHERE ("rules"."name" = 'walmart') LIMIT 1[0m
  [4;36;1mRule Load (0.6ms)[0m   [0;1mSELECT * FROM "rules" WHERE ("rules"."name" = 'walmart') LIMIT 1[0m
  [4;35;1mRule Load (2.3ms)[0m   [0mSELECT * FROM "rules" WHERE ("rules"."name" = 'walmart') LIMIT 1[0m
  [4;36;1mRule Load (2.4ms)[0m   [0;1mSELECT * FROM "rules" WHERE ("rules"."name" = 'walmart') LIMIT 1[0m
  [4;36;1mRule Load (0.7ms)[0m   [0;1mSELECT * FROM "rules" WHERE ("rules"."name" = 'walmart') LIMIT 1[0m
